<?xml version="1.0" encoding="UTF-8"?>
<!-- Generated by org.testng.reporters.JUnitReportReporter -->
<testsuite skipped="0" hostname="DESKTOP-5IBKFPL" name="com.pages.KotakPage" tests="1" failures="0" timestamp="24 Sep 2020 16:34:37 GMT" time="0.003" errors="0">
  <testcase name="f" time="0.003" classname="com.pages.KotakPage"/>
</testsuite> <!-- com.pages.KotakPage -->
